2022-02-10 09:17:13.130  WARN 18352 --- [HikariPool-1 housekeeper] com.zaxxer.hikari.pool.HikariPool        : HikariPool-1 - Thread starvation or clock leap detected (housekeeper delta=8h9m46s255ms339µs600ns).
2022-02-10 21:00:52.091  INFO 8252 --- [main] com.naicson.yugioh.YugiohApplication     : Starting YugiohApplication on DESKTOP-K8HK1IE with PID 8252 (C:\Users\USER\Documents\workspace-spring-tool-suite-4-4.12.0.RELEASE\Cards-Spring-Angular\yugioh-back\target\classes started by USER in C:\Users\USER\Documents\workspace-spring-tool-suite-4-4.12.0.RELEASE\Cards-Spring-Angular\yugioh-back)
2022-02-10 21:00:52.096  INFO 8252 --- [main] com.naicson.yugioh.YugiohApplication     : The following profiles are active: dev
2022-02-10 21:00:53.357  INFO 8252 --- [main] .s.d.r.c.RepositoryConfigurationDelegate : Bootstrapping Spring Data JPA repositories in DEFAULT mode.
2022-02-10 21:00:53.499  INFO 8252 --- [main] .s.d.r.c.RepositoryConfigurationDelegate : Finished Spring Data repository scanning in 127ms. Found 11 JPA repository interfaces.
2022-02-10 21:00:54.124  INFO 8252 --- [main] o.s.b.w.embedded.tomcat.TomcatWebServer  : Tomcat initialized with port(s): 8080 (http)
2022-02-10 21:00:54.140  INFO 8252 --- [main] o.apache.catalina.core.StandardService   : Starting service [Tomcat]
2022-02-10 21:00:54.141  INFO 8252 --- [main] org.apache.catalina.core.StandardEngine  : Starting Servlet engine: [Apache Tomcat/9.0.41]
2022-02-10 21:00:54.317  INFO 8252 --- [main] o.a.c.c.C.[Tomcat].[localhost].[/]       : Initializing Spring embedded WebApplicationContext
2022-02-10 21:00:54.318  INFO 8252 --- [main] w.s.c.ServletWebServerApplicationContext : Root WebApplicationContext: initialization completed in 2155 ms
2022-02-10 21:00:54.385  WARN 8252 --- [main] JpaBaseConfiguration$JpaWebConfiguration : spring.jpa.open-in-view is enabled by default. Therefore, database queries may be performed during view rendering. Explicitly configure spring.jpa.open-in-view to disable this warning
2022-02-10 21:00:54.593  INFO 8252 --- [main] o.hibernate.jpa.internal.util.LogHelper  : HHH000204: Processing PersistenceUnitInfo [name: default]
2022-02-10 21:00:54.693  INFO 8252 --- [main] org.hibernate.Version                    : HHH000412: Hibernate ORM core version 5.4.25.Final
2022-02-10 21:00:54.963  INFO 8252 --- [main] o.hibernate.annotations.common.Version   : HCANN000001: Hibernate Commons Annotations {5.1.2.Final}
2022-02-10 21:00:55.140  INFO 8252 --- [main] com.zaxxer.hikari.HikariDataSource       : HikariPool-1 - Starting...
2022-02-10 21:00:55.366  INFO 8252 --- [main] com.zaxxer.hikari.HikariDataSource       : HikariPool-1 - Start completed.
2022-02-10 21:00:55.395  INFO 8252 --- [main] org.hibernate.dialect.Dialect            : HHH000400: Using dialect: org.hibernate.dialect.MySQL8Dialect
2022-02-10 21:00:56.757  INFO 8252 --- [main] o.h.e.t.j.p.i.JtaPlatformInitiator       : HHH000490: Using JtaPlatform implementation: [org.hibernate.engine.transaction.jta.platform.internal.NoJtaPlatform]
2022-02-10 21:00:56.770  INFO 8252 --- [main] j.LocalContainerEntityManagerFactoryBean : Initialized JPA EntityManagerFactory for persistence unit 'default'
2022-02-10 21:00:58.052  INFO 8252 --- [main] o.s.s.web.DefaultSecurityFilterChain     : Creating filter chain: any request, [org.springframework.security.web.context.request.async.WebAsyncManagerIntegrationFilter@bddac1c, org.springframework.security.web.context.SecurityContextPersistenceFilter@6158113e, org.springframework.security.web.header.HeaderWriterFilter@1f7b8d59, org.springframework.web.filter.CorsFilter@1c7fd2e0, org.springframework.security.web.authentication.logout.LogoutFilter@4df13b7e, com.naicson.yugioh.security.AuthTokenFilter@22d47f09, org.springframework.security.web.savedrequest.RequestCacheAwareFilter@2bfa5678, org.springframework.security.web.servletapi.SecurityContextHolderAwareRequestFilter@7d44eab, org.springframework.security.web.authentication.AnonymousAuthenticationFilter@41831611, org.springframework.security.web.session.SessionManagementFilter@7ec68821, org.springframework.security.web.access.ExceptionTranslationFilter@347c5721, org.springframework.security.web.access.intercept.FilterSecurityInterceptor@38f569d]
2022-02-10 21:00:58.232  INFO 8252 --- [main] o.s.s.concurrent.ThreadPoolTaskExecutor  : Initializing ExecutorService 'applicationTaskExecutor'
2022-02-10 21:00:58.578  INFO 8252 --- [main] o.s.b.w.embedded.tomcat.TomcatWebServer  : Tomcat started on port(s): 8080 (http) with context path ''
2022-02-10 21:00:58.587  INFO 8252 --- [main] com.naicson.yugioh.YugiohApplication     : Started YugiohApplication in 6.965 seconds (JVM running for 7.98)
2022-02-10 21:01:51.692  INFO 8252 --- [http-nio-8080-exec-1] o.a.c.c.C.[Tomcat].[localhost].[/]       : Initializing Spring DispatcherServlet 'dispatcherServlet'
